mode: set
gotests03manha/pkg/store/db.go:16.26,25.2 1 0
gotests03manha/pkg/store/db.go:27.49,30.2 2 0
gotests03manha/pkg/store/db.go:32.57,36.2 3 0
gotests03manha/pkg/store/db.go:38.57,40.37 2 0
gotests03manha/pkg/store/db.go:40.37,41.25 1 0
gotests03manha/pkg/store/db.go:41.25,44.4 2 0
gotests03manha/pkg/store/db.go:46.2,46.53 1 0
gotests03manha/pkg/store/db.go:49.47,51.37 2 0
gotests03manha/pkg/store/db.go:51.37,52.23 1 0
gotests03manha/pkg/store/db.go:52.23,55.4 2 0
gotests03manha/pkg/store/db.go:57.2,57.47 1 0
gotests03manha/internal/products/repository.go:18.48,22.2 1 1
gotests03manha/internal/products/repository.go:24.53,26.2 1 1
gotests03manha/internal/products/repository.go:28.61,30.2 1 1
gotests03manha/internal/products/repository.go:32.61,34.2 1 1
gotests03manha/internal/products/repository.go:36.51,38.2 1 1
gotests03manha/internal/products/service.go:19.44,23.2 1 1
gotests03manha/internal/products/service.go:25.49,27.2 1 1
gotests03manha/internal/products/service.go:29.58,31.38 2 1
gotests03manha/internal/products/service.go:31.38,32.25 1 1
gotests03manha/internal/products/service.go:32.25,34.4 1 1
gotests03manha/internal/products/service.go:37.2,37.25 1 1
gotests03manha/internal/products/service.go:40.58,42.38 2 1
gotests03manha/internal/products/service.go:42.38,43.25 1 1
gotests03manha/internal/products/service.go:43.25,45.20 1 1
gotests03manha/internal/products/service.go:45.20,47.5 1 1
gotests03manha/internal/products/service.go:48.4,48.20 1 1
gotests03manha/internal/products/service.go:48.20,50.5 1 1
gotests03manha/internal/products/service.go:52.4,52.27 1 1
gotests03manha/internal/products/service.go:57.2,57.53 1 1
gotests03manha/internal/products/service.go:60.48,62.2 1 1
gotests03manha/pkg/store/db.go:16.26,25.2 1 1
gotests03manha/pkg/store/db.go:27.49,30.2 2 1
gotests03manha/pkg/store/db.go:32.57,36.2 3 1
gotests03manha/pkg/store/db.go:38.57,40.37 2 1
gotests03manha/pkg/store/db.go:40.37,41.25 1 1
gotests03manha/pkg/store/db.go:41.25,44.4 2 1
gotests03manha/pkg/store/db.go:46.2,46.53 1 0
gotests03manha/pkg/store/db.go:49.47,51.37 2 1
gotests03manha/pkg/store/db.go:51.37,52.23 1 1
gotests03manha/pkg/store/db.go:52.23,55.4 2 1
gotests03manha/pkg/store/db.go:57.2,57.47 1 1
gotests03manha/main.go:13.13,42.2 23 0
gotests03manha/pkg/store/db.go:16.26,25.2 1 0
gotests03manha/pkg/store/db.go:27.49,30.2 2 0
gotests03manha/pkg/store/db.go:32.57,36.2 3 0
gotests03manha/pkg/store/db.go:38.57,40.37 2 0
gotests03manha/pkg/store/db.go:40.37,41.25 1 0
gotests03manha/pkg/store/db.go:41.25,44.4 2 0
gotests03manha/pkg/store/db.go:46.2,46.53 1 0
gotests03manha/pkg/store/db.go:49.47,51.37 2 0
gotests03manha/pkg/store/db.go:51.37,52.23 1 0
gotests03manha/pkg/store/db.go:52.23,55.4 2 0
gotests03manha/pkg/store/db.go:57.2,57.47 1 0
